 number_cells=            1           1           0           0
 number_cells=            1           1           0           0
 number_cells=            1           1           0           0
 number_cells=            1           1           0           0
 number_cells=            1           1           0           0
 number_cells=            1           1           0           0
 number_cells=            1           1           0           0
 number_cells=            1           1           0           0
 number_cells=            1           1           0           0
 number_cells=            1           1           0           0
 number_cells=            2           2           0           0
 number_cells=            2           2           0           0
 number_cells=            2           2           0           0
 number_cells=            2           2           0           0
 number_cells=            2           2           0           0
 number_cells=            2           2           0           0
 number_cells=            2           2           0           0
 number_cells=            2           2           0           0
 number_cells=            2           2           0           0
 number_cells=            2           2           0           0
 number_cells=            2           2           0           0
 number_cells=            2           2           0           0
 number_cells=            2           2           0           0
 number_cells=            3           3           0           0
 number_cells=            3           3           0           0
 number_cells=            3           3           0           0
 number_cells=            3           3           0           0
 number_cells=            3           3           0           0
 number_cells=            3           3           0           0
 number_cells=            3           3           0           0
 number_cells=            3           3           0           0
 number_cells=            3           3           0           0
 number_cells=            4           4           0           0
 number_cells=            6           6           0           0
 number_cells=            6           6           0           0
 number_cells=            6           6           0           0
 number_cells=            6           6           0           0
 number_cells=            6           6           0           0
 number_cells=            6           6           0           0
 number_cells=            6           6           0           0
 number_cells=            6           6           0           0
 number_cells=            8           8           0           0
 number_cells=            9           9           0           0
 number_cells=           10          10           0           0
 number_cells=           10           9           1           0
 number_cells=           10           9           1           0
 number_cells=           11          10           1           0
 number_cells=           11          10           1           0
 number_cells=           11          10           1           0
 number_cells=           14          11           3           0
 number_cells=           16          12           4           0
 number_cells=           18          13           5           0
 number_cells=           18          11           7           0
 number_cells=           18           9           9           0
 number_cells=           18           8          10           0
 number_cells=           18           8          10           0
 number_cells=           20          10          10           0
 number_cells=           21          11          10           0
 number_cells=           22          11          11           0
 number_cells=           24          10          14           0
 number_cells=           26          10          16           0
 number_cells=           26           7          19           0
 number_cells=           26           7          19           0
 number_cells=           26           7          19           0
 number_cells=           28           9          19           0
 number_cells=           29          10          19           0
 number_cells=           30          10          20           0
 number_cells=           30          10          20           0
 number_cells=           30           9          21           0
 number_cells=           31          10          21           0
 number_cells=           31          10          21           0
 number_cells=           31          10          21           0
 number_cells=           32          10          22           0
 number_cells=           34          11          23           0
 number_cells=           37          13          24           0
 number_cells=           38          11          27           0
 number_cells=           38           9          29           0
 number_cells=           38           8          30           0
 number_cells=           38           8          30           0
 number_cells=           39           9          30           0
 number_cells=           41          11          30           0
 number_cells=           42          11          31           0
 number_cells=           43          10          33           0
 number_cells=           46          10          36           0
 number_cells=           46           7          39           0
 number_cells=           46           7          39           0
 number_cells=           46           7          39           0
 number_cells=           47           8          39           0
 number_cells=           48           9          39           0
 number_cells=           50          11          39           0
 number_cells=           50          10          40           0
 number_cells=           50           9          41           0
 number_cells=           50           9          41           0
 number_cells=           51          10          41           0
 number_cells=           51          10          41           0
 number_cells=           51          10          41           0
 number_cells=           54          11          43           0
 number_cells=           56          12          44           0
 number_cells=           58          12          46           0
 number_cells=           58          10          48           0
 number_cells=           58           8          50           0
 number_cells=           58           8          50           0
 number_cells=           59           9          50           0
 number_cells=           61          11          50           0
 number_cells=           62          11          51           0
 number_cells=           63          11          52           0
 number_cells=           66          11          55           0
 number_cells=           66           9          57           0
 number_cells=           66           7          59           0
 number_cells=           66           7          59           0
 number_cells=           66           7          59           0
 number_cells=           68           9          59           0
 number_cells=           69          10          59           0
 number_cells=           70          10          60           0
 number_cells=           70           9          61           0
 number_cells=           70           9          61           0
 number_cells=           71          10          61           0
 number_cells=           71          10          61           0
 number_cells=           71          10          61           0
 number_cells=           74          11          63           0
 number_cells=           76          12          64           0
 number_cells=           78          13          65           0
 number_cells=           78          11          67           0
 number_cells=           78           9          69           0
 number_cells=           78           8          70           0
 number_cells=           78           8          70           0
 number_cells=           80          10          70           0
 number_cells=           81          11          70           0
 number_cells=           82          11          71           0
 number_cells=           84          10          74           0
 number_cells=           86          10          76           0
 number_cells=           86           7          79           0
 number_cells=           86           7          79           0
 number_cells=           86           7          79           0
 number_cells=           88           9          79           0
 number_cells=           89          10          79           0
 number_cells=           90          10          80           0
 number_cells=           90          10          80           0
 number_cells=           90           9          81           0
 number_cells=           91          10          81           0
 number_cells=           91          10          81           0
 number_cells=           91          10          81           0
 number_cells=           92          10          82           0
 number_cells=           94          11          83           0
 number_cells=           97          13          84           0
 number_cells=           98          11          87           0
 number_cells=           98           9          89           0
 number_cells=           98           8          90           0
 number_cells=           98           8          90           0
 number_cells=           99           9          90           0
 number_cells=          101          11          90           0
 number_cells=          102          11          91           0
 number_cells=          103          10          93           0
 number_cells=          106          10          96           0
 number_cells=          106           7          99           0
 number_cells=          106           7          99           0
 number_cells=          106           7          99           0
 number_cells=          107           8          99           0
 number_cells=          108           9          99           0
 number_cells=          110          11          99           0
 number_cells=          110          10         100           0
 number_cells=          110           9         101           0
 number_cells=          110           9         101           0
 number_cells=          111          10         101           0
 number_cells=          111          10         101           0
 number_cells=          111          10         101           0
 number_cells=          114          11         103           0
 number_cells=          116          12         104           0
 number_cells=          118          12         106           0
 number_cells=          118          10         108           0
 number_cells=          118           8         110           0
 number_cells=          118           8         110           0
 number_cells=          119           9         110           0
 number_cells=          121          11         110           0
 number_cells=          122          11         111           0
 number_cells=          123          11         112           0
 number_cells=          126          11         115           0
 number_cells=          126           9         117           0
 number_cells=          126           7         119           0
 number_cells=          126           7         119           0
 number_cells=          126           7         119           0
 number_cells=          128           9         119           0
 number_cells=          129          10         119           0
 number_cells=          130          10         120           0
 number_cells=          130           9         121           0
 number_cells=          130           9         121           0
 number_cells=          131          10         121           0
 number_cells=          131          10         121           0
 number_cells=          131          10         121           0
 number_cells=          134          11         123           0
 number_cells=          136          12         124           0
 number_cells=          138          13         125           0
 number_cells=          138          11         127           0
 number_cells=          138           9         129           0
 number_cells=          138           8         130           0
 number_cells=          138           8         130           0
 number_cells=          140          10         130           0
 number_cells=          141          11         130           0
 number_cells=          142          11         131           0
 number_cells=          144          10         134           0
 number_cells=          146          10         136           0
 number_cells=          146           7         139           0
 number_cells=          146           7         139           0
 number_cells=          146           7         139           0
 number_cells=          148           9         139           0
 number_cells=          149          10         139           0
 number_cells=          150          10         140           0
 number_cells=          150          10         140           0
 number_cells=          150           9         141           0
 number_cells=          151          10         141           0
 number_cells=          151          10         141           0
 number_cells=          151          10         141           0
 number_cells=          152          10         142           0
 number_cells=          154          11         143           0
 number_cells=          157          13         144           0
 number_cells=          158          11         147           0
 number_cells=          158           9         149           0
 number_cells=          158           8         150           0
 number_cells=          158           8         150           0
 number_cells=          159           9         150           0
 number_cells=          161          11         150           0
 number_cells=          162          11         151           0
 number_cells=          163          10         153           0
 number_cells=          166          10         156           0
 number_cells=          166           7         159           0
 number_cells=          166           7         159           0
 number_cells=          166           7         159           0
 number_cells=          167           8         159           0
 number_cells=          168           9         159           0
 number_cells=          170          11         159           0
 number_cells=          170          10         160           0
 number_cells=          170           9         161           0
 number_cells=          170           9         161           0
 number_cells=          171          10         161           0
 number_cells=          171          10         161           0
 number_cells=          171          10         161           0
 number_cells=          174          11         163           0
 number_cells=          176          12         164           0
 number_cells=          178          12         166           0
 number_cells=          178          10         168           0
 number_cells=          178           8         170           0
 number_cells=          178           8         170           0
 number_cells=          179           9         170           0
 number_cells=          181          11         170           0
 number_cells=          182          11         171           0
 number_cells=          183          11         172           0
 number_cells=          186          11         175           0
 number_cells=          186           9         177           0
 number_cells=          186           7         179           0
 number_cells=          186           7         179           0
 number_cells=          186           7         179           0
 number_cells=          188           9         179           0
 number_cells=          189          10         179           0
 number_cells=          190          10         180           0
 number_cells=          190           9         181           0
 number_cells=          190           9         181           0
 number_cells=          191          10         181           0
 number_cells=          191          10         181           0
 number_cells=          191          10         181           0
 number_cells=          194          11         183           0
 number_cells=          196          12         184           0
 number_cells=          198          13         185           0
 number_cells=          198          11         187           0
 number_cells=          198           9         189           0
 number_cells=          198           8         190           0
 number_cells=          198           8         190           0
 number_cells=          200          10         190           0
 number_cells=          201          11         190           0
 number_cells=          202          11         191           0
 number_cells=          204          10         194           0
 number_cells=          206          10         196           0
 number_cells=          206           7         199           0
 number_cells=          206           7         199           0
 number_cells=          206           7         199           0
 number_cells=          208           9         199           0
 number_cells=          209          10         199           0
 number_cells=          210          10         200           0
 number_cells=          210          10         200           0
 number_cells=          210           9         201           0
 number_cells=          211          10         201           0
 number_cells=          211          10         201           0
 number_cells=          211          10         201           0
 number_cells=          212          10         202           0
 number_cells=          214          11         203           0
 number_cells=          217          13         204           0
 number_cells=          218          11         207           0
 number_cells=          218           9         209           0
 number_cells=          218           8         210           0
 number_cells=          218           8         210           0
 number_cells=          219           9         210           0
 number_cells=          221          11         210           0
 number_cells=          222          11         211           0
 number_cells=          223          10         213           0
 number_cells=          226          10         216           0
 number_cells=          226           7         219           0
 number_cells=          226           7         219           0
 number_cells=          226           7         219           0
 number_cells=          227           8         219           0
 number_cells=          228           9         219           0
 number_cells=          230          11         219           0
